2025-02-13 20:51:01.2931|INFO|MainNamespace.Program|Program started
2025-02-13 20:51:01.3178|INFO|MainNamespace.Program|Running mode=game
2025-02-13 20:51:03.4211|INFO|MainNamespace.Program|Initialising Item Factory...
2025-02-13 20:51:03.4529|INFO|MainNamespace.Program|Initialising Enemy Factory...
2025-02-13 20:51:03.4580|INFO|MainNamespace.Program|Enemy Factory Initialised
2025-02-13 20:51:03.4594|INFO|MainNamespace.Program|Generating Uninitialised Attack Behaviours...
2025-02-13 20:51:03.4598|INFO|MainNamespace.Program|No uninitialised attack behaviours found
2025-02-13 20:51:03.4598|INFO|MainNamespace.Program|Initialising Enemy Factory...
2025-02-13 20:51:03.4617|INFO|MainNamespace.Program|Enemy Factory Initialised
2025-02-13 20:51:03.5671|INFO|MainNamespace.Program|Game mode
2025-02-13 20:51:06.3672|WARN|MainNamespace.Program|Invalid JSON detected: Error parsing Infinity value. Path '', line 1, position 2.
2025-02-13 20:51:06.3672|WARN|MainNamespace.Program|Incomplete JSON detected for Narrative. Requesting regeneration...
2025-02-13 20:51:08.2693|WARN|MainNamespace.Program|Invalid JSON detected: Error parsing Infinity value. Path '', line 1, position 2.
2025-02-13 20:51:08.2693|WARN|MainNamespace.Program|Incomplete JSON detected for Narrative. Requesting regeneration...
2025-02-13 20:51:10.0114|WARN|MainNamespace.Program|Invalid JSON detected: Error parsing Infinity value. Path '', line 1, position 2.
2025-02-13 20:51:10.0114|WARN|MainNamespace.Program|Incomplete JSON detected for Narrative. Requesting regeneration...
2025-02-13 20:51:11.6150|WARN|MainNamespace.Program|Invalid JSON detected: Error parsing Infinity value. Path '', line 1, position 2.
2025-02-13 20:51:11.6150|WARN|MainNamespace.Program|Incomplete JSON detected for Narrative. Requesting regeneration...
2025-02-13 20:51:14.1067|WARN|MainNamespace.Program|Invalid JSON detected: Error parsing Infinity value. Path '', line 1, position 2.
2025-02-13 20:51:14.1072|WARN|MainNamespace.Program|Incomplete JSON detected for Narrative. Requesting regeneration...
2025-02-13 20:51:15.9487|WARN|MainNamespace.Program|Invalid JSON detected: Unexpected character encountered while parsing value: T. Path '', line 0, position 0.
2025-02-13 20:51:15.9491|WARN|MainNamespace.Program|Incomplete JSON detected for Narrative. Requesting regeneration...
2025-02-13 20:51:17.5515|WARN|MainNamespace.Program|Invalid JSON detected: Unexpected character encountered while parsing value: T. Path '', line 0, position 0.
2025-02-13 20:51:17.5515|WARN|MainNamespace.Program|Incomplete JSON detected for Narrative. Requesting regeneration...
2025-02-13 20:51:20.4591|WARN|MainNamespace.Program|Invalid JSON detected: Error parsing Infinity value. Path '', line 1, position 2.
2025-02-13 20:51:20.4591|WARN|MainNamespace.Program|Incomplete JSON detected for Narrative. Requesting regeneration...
2025-02-13 20:51:23.4921|WARN|MainNamespace.Program|Invalid JSON detected: Unexpected character encountered while parsing value: T. Path '', line 0, position 0.
2025-02-13 20:51:23.4921|WARN|MainNamespace.Program|Incomplete JSON detected for Narrative. Requesting regeneration...
2025-02-13 20:51:25.3705|WARN|MainNamespace.Program|Invalid JSON detected: Unexpected character encountered while parsing value: T. Path '', line 0, position 0.
2025-02-13 20:51:25.3709|WARN|MainNamespace.Program|Incomplete JSON detected for Narrative. Requesting regeneration...
2025-02-13 20:51:27.2127|WARN|MainNamespace.Program|Invalid JSON detected: Error parsing Infinity value. Path '', line 1, position 2.
2025-02-13 20:51:27.2130|WARN|MainNamespace.Program|Incomplete JSON detected for Narrative. Requesting regeneration...
2025-02-13 20:51:29.6094|WARN|MainNamespace.Program|Invalid JSON detected: Error parsing Infinity value. Path '', line 1, position 2.
2025-02-13 20:51:29.6094|WARN|MainNamespace.Program|Incomplete JSON detected for Narrative. Requesting regeneration...
2025-02-13 20:51:31.8542|WARN|MainNamespace.Program|Invalid JSON detected: Error parsing Infinity value. Path '', line 1, position 2.
2025-02-13 20:51:31.8542|WARN|MainNamespace.Program|Incomplete JSON detected for Narrative. Requesting regeneration...
2025-02-13 20:51:33.5109|WARN|MainNamespace.Program|Invalid JSON detected: Unexpected character encountered while parsing value: T. Path '', line 0, position 0.
2025-02-13 20:51:33.5113|WARN|MainNamespace.Program|Incomplete JSON detected for Narrative. Requesting regeneration...
2025-02-13 20:51:35.4042|WARN|MainNamespace.Program|Invalid JSON detected: Error parsing Infinity value. Path '', line 1, position 2.
2025-02-13 20:51:35.4042|WARN|MainNamespace.Program|Incomplete JSON detected for Narrative. Requesting regeneration...
2025-02-13 20:51:37.8639|WARN|MainNamespace.Program|Invalid JSON detected: Error parsing Infinity value. Path '', line 1, position 2.
2025-02-13 20:51:37.8643|WARN|MainNamespace.Program|Incomplete JSON detected for Narrative. Requesting regeneration...
2025-02-13 20:51:40.1054|WARN|MainNamespace.Program|Invalid JSON detected: Error parsing Infinity value. Path '', line 1, position 2.
2025-02-13 20:51:40.1065|WARN|MainNamespace.Program|Incomplete JSON detected for Narrative. Requesting regeneration...
2025-02-13 20:51:42.1331|WARN|MainNamespace.Program|Invalid JSON detected: Error parsing Infinity value. Path '', line 1, position 2.
2025-02-13 20:51:42.1331|WARN|MainNamespace.Program|Incomplete JSON detected for Narrative. Requesting regeneration...
2025-02-13 20:51:44.1094|WARN|MainNamespace.Program|Invalid JSON detected: Unexpected character encountered while parsing value: T. Path '', line 0, position 0.
2025-02-13 20:51:44.1104|WARN|MainNamespace.Program|Incomplete JSON detected for Narrative. Requesting regeneration...
2025-02-13 20:51:45.6401|WARN|MainNamespace.Program|Invalid JSON detected: Unexpected character encountered while parsing value: T. Path '', line 0, position 0.
2025-02-13 20:51:45.6401|WARN|MainNamespace.Program|Incomplete JSON detected for Narrative. Requesting regeneration...
2025-02-13 20:51:47.8998|WARN|MainNamespace.Program|Invalid JSON detected: Unexpected character encountered while parsing value: T. Path '', line 0, position 0.
2025-02-13 20:51:47.9003|WARN|MainNamespace.Program|Incomplete JSON detected for Narrative. Requesting regeneration...
2025-02-13 20:51:49.9457|WARN|MainNamespace.Program|Invalid JSON detected: Error parsing Infinity value. Path '', line 1, position 2.
2025-02-13 20:51:49.9463|WARN|MainNamespace.Program|Incomplete JSON detected for Narrative. Requesting regeneration...
2025-02-13 20:51:52.5340|WARN|MainNamespace.Program|Invalid JSON detected: Unexpected character encountered while parsing value: T. Path '', line 0, position 0.
2025-02-13 20:51:52.5344|WARN|MainNamespace.Program|Incomplete JSON detected for Narrative. Requesting regeneration...
2025-02-13 20:51:55.7816|WARN|MainNamespace.Program|Invalid JSON detected: Error parsing Infinity value. Path '', line 1, position 2.
2025-02-13 20:51:55.7816|WARN|MainNamespace.Program|Incomplete JSON detected for Narrative. Requesting regeneration...
2025-02-13 20:51:57.8120|WARN|MainNamespace.Program|Invalid JSON detected: Error parsing Infinity value. Path '', line 1, position 2.
2025-02-13 20:51:57.8123|WARN|MainNamespace.Program|Incomplete JSON detected for Narrative. Requesting regeneration...
2025-02-13 20:51:59.9811|WARN|MainNamespace.Program|Invalid JSON detected: Unexpected character encountered while parsing value: T. Path '', line 0, position 0.
2025-02-13 20:51:59.9811|WARN|MainNamespace.Program|Incomplete JSON detected for Narrative. Requesting regeneration...
2025-02-13 20:52:01.6792|WARN|MainNamespace.Program|Invalid JSON detected: Unexpected character encountered while parsing value: T. Path '', line 0, position 0.
2025-02-13 20:52:01.6792|WARN|MainNamespace.Program|Incomplete JSON detected for Narrative. Requesting regeneration...
2025-02-13 20:52:03.9625|WARN|MainNamespace.Program|Invalid JSON detected: Unexpected character encountered while parsing value: T. Path '', line 0, position 0.
2025-02-13 20:52:03.9625|WARN|MainNamespace.Program|Incomplete JSON detected for Narrative. Requesting regeneration...
2025-02-13 20:52:06.3870|WARN|MainNamespace.Program|Invalid JSON detected: Unexpected character encountered while parsing value: T. Path '', line 0, position 0.
2025-02-13 20:52:06.3880|WARN|MainNamespace.Program|Incomplete JSON detected for Narrative. Requesting regeneration...
2025-02-13 20:52:08.1734|WARN|MainNamespace.Program|Invalid JSON detected: Unexpected character encountered while parsing value: T. Path '', line 0, position 0.
2025-02-13 20:52:08.1734|WARN|MainNamespace.Program|Incomplete JSON detected for Narrative. Requesting regeneration...
2025-02-13 20:52:10.7544|WARN|MainNamespace.Program|Invalid JSON detected: Unexpected character encountered while parsing value: T. Path '', line 0, position 0.
2025-02-13 20:52:10.7544|WARN|MainNamespace.Program|Incomplete JSON detected for Narrative. Requesting regeneration...
2025-02-13 20:52:12.7829|WARN|MainNamespace.Program|Invalid JSON detected: Error parsing Infinity value. Path '', line 1, position 2.
2025-02-13 20:52:12.7834|WARN|MainNamespace.Program|Incomplete JSON detected for Narrative. Requesting regeneration...
2025-02-13 20:52:14.8266|WARN|MainNamespace.Program|Invalid JSON detected: Unexpected character encountered while parsing value: T. Path '', line 0, position 0.
2025-02-13 20:52:14.8275|WARN|MainNamespace.Program|Incomplete JSON detected for Narrative. Requesting regeneration...
2025-02-13 20:52:16.7760|WARN|MainNamespace.Program|Invalid JSON detected: Error parsing Infinity value. Path '', line 1, position 2.
2025-02-13 20:52:16.7765|WARN|MainNamespace.Program|Incomplete JSON detected for Narrative. Requesting regeneration...
2025-02-13 20:52:18.8450|WARN|MainNamespace.Program|Invalid JSON detected: Unexpected character encountered while parsing value: T. Path '', line 0, position 0.
2025-02-13 20:52:18.8453|WARN|MainNamespace.Program|Incomplete JSON detected for Narrative. Requesting regeneration...
2025-02-13 20:52:20.5720|WARN|MainNamespace.Program|Invalid JSON detected: Error parsing Infinity value. Path '', line 1, position 2.
2025-02-13 20:52:20.5725|WARN|MainNamespace.Program|Incomplete JSON detected for Narrative. Requesting regeneration...
2025-02-13 20:52:22.4054|WARN|MainNamespace.Program|Invalid JSON detected: Unexpected character encountered while parsing value: T. Path '', line 0, position 0.
2025-02-13 20:52:22.4054|WARN|MainNamespace.Program|Incomplete JSON detected for Narrative. Requesting regeneration...
2025-02-13 20:52:24.5578|WARN|MainNamespace.Program|Invalid JSON detected: Unexpected character encountered while parsing value: T. Path '', line 0, position 0.
2025-02-13 20:52:24.5578|WARN|MainNamespace.Program|Incomplete JSON detected for Narrative. Requesting regeneration...
2025-02-13 20:52:26.8124|WARN|MainNamespace.Program|Invalid JSON detected: Unexpected character encountered while parsing value: T. Path '', line 0, position 0.
2025-02-13 20:52:26.8124|WARN|MainNamespace.Program|Incomplete JSON detected for Narrative. Requesting regeneration...
2025-02-13 20:52:28.5476|WARN|MainNamespace.Program|Invalid JSON detected: Unexpected character encountered while parsing value: T. Path '', line 0, position 0.
2025-02-13 20:52:28.5476|WARN|MainNamespace.Program|Incomplete JSON detected for Narrative. Requesting regeneration...
2025-02-13 20:52:30.1903|WARN|MainNamespace.Program|Invalid JSON detected: Error parsing Infinity value. Path '', line 1, position 2.
2025-02-13 20:52:30.1903|WARN|MainNamespace.Program|Incomplete JSON detected for Narrative. Requesting regeneration...
2025-02-13 20:52:31.9322|WARN|MainNamespace.Program|Invalid JSON detected: Unexpected character encountered while parsing value: T. Path '', line 0, position 0.
2025-02-13 20:52:31.9329|WARN|MainNamespace.Program|Incomplete JSON detected for Narrative. Requesting regeneration...
2025-02-13 20:52:33.9501|WARN|MainNamespace.Program|Invalid JSON detected: Error parsing Infinity value. Path '', line 1, position 2.
2025-02-13 20:52:33.9505|WARN|MainNamespace.Program|Incomplete JSON detected for Narrative. Requesting regeneration...
2025-02-13 20:52:36.2869|WARN|MainNamespace.Program|Invalid JSON detected: Error parsing Infinity value. Path '', line 1, position 2.
2025-02-13 20:52:36.2888|WARN|MainNamespace.Program|Incomplete JSON detected for Narrative. Requesting regeneration...
2025-02-13 20:52:38.3819|WARN|MainNamespace.Program|Invalid JSON detected: Unexpected character encountered while parsing value: T. Path '', line 0, position 0.
2025-02-13 20:52:38.3823|WARN|MainNamespace.Program|Incomplete JSON detected for Narrative. Requesting regeneration...
2025-02-13 20:52:40.4321|WARN|MainNamespace.Program|Invalid JSON detected: Unexpected character encountered while parsing value: T. Path '', line 0, position 0.
2025-02-13 20:52:40.4326|WARN|MainNamespace.Program|Incomplete JSON detected for Narrative. Requesting regeneration...
2025-02-13 20:52:42.2714|WARN|MainNamespace.Program|Invalid JSON detected: Unexpected character encountered while parsing value: T. Path '', line 0, position 0.
2025-02-13 20:52:42.2714|WARN|MainNamespace.Program|Incomplete JSON detected for Narrative. Requesting regeneration...
2025-02-13 20:52:43.9876|WARN|MainNamespace.Program|Invalid JSON detected: Unexpected character encountered while parsing value: T. Path '', line 0, position 0.
2025-02-13 20:52:43.9876|WARN|MainNamespace.Program|Incomplete JSON detected for Narrative. Requesting regeneration...
2025-02-13 20:52:46.5737|WARN|MainNamespace.Program|Invalid JSON detected: Unexpected character encountered while parsing value: T. Path '', line 0, position 0.
2025-02-13 20:52:46.5737|WARN|MainNamespace.Program|Incomplete JSON detected for Narrative. Requesting regeneration...
2025-02-13 20:52:48.7257|WARN|MainNamespace.Program|Invalid JSON detected: Unexpected character encountered while parsing value: T. Path '', line 0, position 0.
2025-02-13 20:52:48.7257|WARN|MainNamespace.Program|Incomplete JSON detected for Narrative. Requesting regeneration...
2025-02-13 20:52:50.6720|WARN|MainNamespace.Program|Invalid JSON detected: Unexpected character encountered while parsing value: T. Path '', line 0, position 0.
2025-02-13 20:52:50.6720|WARN|MainNamespace.Program|Incomplete JSON detected for Narrative. Requesting regeneration...
2025-02-13 20:52:52.5116|WARN|MainNamespace.Program|Invalid JSON detected: Unexpected character encountered while parsing value: T. Path '', line 0, position 0.
2025-02-13 20:52:52.5116|WARN|MainNamespace.Program|Incomplete JSON detected for Narrative. Requesting regeneration...
2025-02-13 20:52:54.5593|WARN|MainNamespace.Program|Invalid JSON detected: Unexpected character encountered while parsing value: T. Path '', line 0, position 0.
2025-02-13 20:52:54.5595|WARN|MainNamespace.Program|Incomplete JSON detected for Narrative. Requesting regeneration...
2025-02-13 20:52:56.7109|WARN|MainNamespace.Program|Invalid JSON detected: Unexpected character encountered while parsing value: T. Path '', line 0, position 0.
2025-02-13 20:52:56.7118|WARN|MainNamespace.Program|Incomplete JSON detected for Narrative. Requesting regeneration...
2025-02-13 20:52:58.4422|WARN|MainNamespace.Program|Invalid JSON detected: Unexpected character encountered while parsing value: T. Path '', line 0, position 0.
2025-02-13 20:52:58.4426|WARN|MainNamespace.Program|Incomplete JSON detected for Narrative. Requesting regeneration...
2025-02-13 20:53:00.6052|WARN|MainNamespace.Program|Invalid JSON detected: Unexpected character encountered while parsing value: T. Path '', line 0, position 0.
2025-02-13 20:53:00.6057|WARN|MainNamespace.Program|Incomplete JSON detected for Narrative. Requesting regeneration...
2025-02-13 20:53:02.6515|WARN|MainNamespace.Program|Invalid JSON detected: Unexpected character encountered while parsing value: T. Path '', line 0, position 0.
2025-02-13 20:53:02.6515|WARN|MainNamespace.Program|Incomplete JSON detected for Narrative. Requesting regeneration...
2025-02-13 20:53:04.6966|WARN|MainNamespace.Program|Invalid JSON detected: Unexpected character encountered while parsing value: T. Path '', line 0, position 0.
2025-02-13 20:53:04.6966|WARN|MainNamespace.Program|Incomplete JSON detected for Narrative. Requesting regeneration...
2025-02-13 20:53:06.2459|WARN|MainNamespace.Program|Invalid JSON detected: Unexpected character encountered while parsing value: T. Path '', line 0, position 0.
2025-02-13 20:53:06.2459|WARN|MainNamespace.Program|Incomplete JSON detected for Narrative. Requesting regeneration...
2025-02-13 20:53:08.1796|WARN|MainNamespace.Program|Invalid JSON detected: Unexpected character encountered while parsing value: T. Path '', line 0, position 0.
2025-02-13 20:53:08.1796|WARN|MainNamespace.Program|Incomplete JSON detected for Narrative. Requesting regeneration...
2025-02-13 20:53:10.5596|WARN|MainNamespace.Program|Invalid JSON detected: Unexpected character encountered while parsing value: T. Path '', line 0, position 0.
2025-02-13 20:53:10.5596|WARN|MainNamespace.Program|Incomplete JSON detected for Narrative. Requesting regeneration...
2025-02-13 20:53:12.9923|WARN|MainNamespace.Program|Invalid JSON detected: Unexpected character encountered while parsing value: T. Path '', line 0, position 0.
2025-02-13 20:53:12.9926|WARN|MainNamespace.Program|Incomplete JSON detected for Narrative. Requesting regeneration...
2025-02-13 20:53:15.1150|WARN|MainNamespace.Program|Invalid JSON detected: Unexpected character encountered while parsing value: T. Path '', line 0, position 0.
2025-02-13 20:53:15.1159|WARN|MainNamespace.Program|Incomplete JSON detected for Narrative. Requesting regeneration...
2025-02-13 20:53:17.1089|WARN|MainNamespace.Program|Invalid JSON detected: Unexpected character encountered while parsing value: T. Path '', line 0, position 0.
2025-02-13 20:53:17.1089|WARN|MainNamespace.Program|Incomplete JSON detected for Narrative. Requesting regeneration...
2025-02-13 20:53:18.8546|WARN|MainNamespace.Program|Invalid JSON detected: Unexpected character encountered while parsing value: T. Path '', line 0, position 0.
2025-02-13 20:53:18.8546|WARN|MainNamespace.Program|Incomplete JSON detected for Narrative. Requesting regeneration...
2025-02-13 20:53:20.7155|WARN|MainNamespace.Program|Invalid JSON detected: Unexpected character encountered while parsing value: T. Path '', line 0, position 0.
2025-02-13 20:53:20.7161|WARN|MainNamespace.Program|Incomplete JSON detected for Narrative. Requesting regeneration...
2025-02-13 20:53:22.6909|WARN|MainNamespace.Program|Invalid JSON detected: Unexpected character encountered while parsing value: T. Path '', line 0, position 0.
2025-02-13 20:53:22.6909|WARN|MainNamespace.Program|Incomplete JSON detected for Narrative. Requesting regeneration...
2025-02-13 20:53:24.5641|WARN|MainNamespace.Program|Invalid JSON detected: Unexpected character encountered while parsing value: T. Path '', line 0, position 0.
2025-02-13 20:53:24.5646|WARN|MainNamespace.Program|Incomplete JSON detected for Narrative. Requesting regeneration...
2025-02-13 20:53:26.8170|WARN|MainNamespace.Program|Invalid JSON detected: Unexpected character encountered while parsing value: T. Path '', line 0, position 0.
2025-02-13 20:53:26.8181|WARN|MainNamespace.Program|Incomplete JSON detected for Narrative. Requesting regeneration...
2025-02-13 20:53:29.4545|WARN|MainNamespace.Program|Invalid JSON detected: Unexpected character encountered while parsing value: T. Path '', line 0, position 0.
2025-02-13 20:53:29.4551|WARN|MainNamespace.Program|Incomplete JSON detected for Narrative. Requesting regeneration...
2025-02-13 20:53:32.1862|WARN|MainNamespace.Program|Invalid JSON detected: Unexpected character encountered while parsing value: T. Path '', line 0, position 0.
2025-02-13 20:53:32.1866|WARN|MainNamespace.Program|Incomplete JSON detected for Narrative. Requesting regeneration...
2025-02-13 20:53:34.2505|WARN|MainNamespace.Program|Invalid JSON detected: Unexpected character encountered while parsing value: T. Path '', line 0, position 0.
2025-02-13 20:53:34.2509|WARN|MainNamespace.Program|Incomplete JSON detected for Narrative. Requesting regeneration...
2025-02-13 20:53:37.2609|WARN|MainNamespace.Program|Invalid JSON detected: Unexpected character encountered while parsing value: T. Path '', line 0, position 0.
2025-02-13 20:53:37.2624|WARN|MainNamespace.Program|Incomplete JSON detected for Narrative. Requesting regeneration...
2025-02-13 20:53:40.0268|WARN|MainNamespace.Program|Invalid JSON detected: Unexpected character encountered while parsing value: T. Path '', line 0, position 0.
2025-02-13 20:53:40.0268|WARN|MainNamespace.Program|Incomplete JSON detected for Narrative. Requesting regeneration...
2025-02-13 20:53:42.2273|WARN|MainNamespace.Program|Invalid JSON detected: Unexpected character encountered while parsing value: T. Path '', line 0, position 0.
2025-02-13 20:53:42.2273|WARN|MainNamespace.Program|Incomplete JSON detected for Narrative. Requesting regeneration...
2025-02-13 20:53:44.1979|WARN|MainNamespace.Program|Invalid JSON detected: Unexpected character encountered while parsing value: T. Path '', line 0, position 0.
2025-02-13 20:53:44.1979|WARN|MainNamespace.Program|Incomplete JSON detected for Narrative. Requesting regeneration...
2025-02-13 20:53:46.4146|WARN|MainNamespace.Program|Invalid JSON detected: Unexpected character encountered while parsing value: T. Path '', line 0, position 0.
2025-02-13 20:53:46.4155|WARN|MainNamespace.Program|Incomplete JSON detected for Narrative. Requesting regeneration...
2025-02-13 20:53:48.4240|WARN|MainNamespace.Program|Invalid JSON detected: Unexpected character encountered while parsing value: T. Path '', line 0, position 0.
2025-02-13 20:53:48.4240|WARN|MainNamespace.Program|Incomplete JSON detected for Narrative. Requesting regeneration...
2025-02-13 20:53:50.1728|WARN|MainNamespace.Program|Invalid JSON detected: Unexpected character encountered while parsing value: T. Path '', line 0, position 0.
2025-02-13 20:53:50.1728|WARN|MainNamespace.Program|Incomplete JSON detected for Narrative. Requesting regeneration...
2025-02-13 20:53:52.1524|WARN|MainNamespace.Program|Invalid JSON detected: Unexpected character encountered while parsing value: T. Path '', line 0, position 0.
2025-02-13 20:53:52.1528|WARN|MainNamespace.Program|Incomplete JSON detected for Narrative. Requesting regeneration...
2025-02-13 20:53:54.2291|WARN|MainNamespace.Program|Invalid JSON detected: Unexpected character encountered while parsing value: T. Path '', line 0, position 0.
2025-02-13 20:53:54.2291|WARN|MainNamespace.Program|Incomplete JSON detected for Narrative. Requesting regeneration...
2025-02-13 20:53:56.8215|WARN|MainNamespace.Program|Invalid JSON detected: Unexpected character encountered while parsing value: T. Path '', line 0, position 0.
2025-02-13 20:53:56.8222|WARN|MainNamespace.Program|Incomplete JSON detected for Narrative. Requesting regeneration...
2025-02-13 20:53:58.8679|WARN|MainNamespace.Program|Invalid JSON detected: Unexpected character encountered while parsing value: T. Path '', line 0, position 0.
2025-02-13 20:53:58.8679|WARN|MainNamespace.Program|Incomplete JSON detected for Narrative. Requesting regeneration...
2025-02-13 20:54:05.3320|WARN|MainNamespace.Program|Invalid JSON detected: Unexpected character encountered while parsing value: T. Path '', line 0, position 0.
2025-02-13 20:54:05.3335|WARN|MainNamespace.Program|Incomplete JSON detected for Narrative. Requesting regeneration...
2025-02-13 20:54:07.2645|WARN|MainNamespace.Program|Invalid JSON detected: Unexpected character encountered while parsing value: T. Path '', line 0, position 0.
2025-02-13 20:54:07.2645|WARN|MainNamespace.Program|Incomplete JSON detected for Narrative. Requesting regeneration...
2025-02-13 20:54:09.8236|WARN|MainNamespace.Program|Invalid JSON detected: Unexpected character encountered while parsing value: T. Path '', line 0, position 0.
2025-02-13 20:54:09.8236|WARN|MainNamespace.Program|Incomplete JSON detected for Narrative. Requesting regeneration...
2025-02-13 20:54:11.6674|WARN|MainNamespace.Program|Invalid JSON detected: Unexpected character encountered while parsing value: T. Path '', line 0, position 0.
2025-02-13 20:54:11.6688|WARN|MainNamespace.Program|Incomplete JSON detected for Narrative. Requesting regeneration...
2025-02-13 20:54:14.1302|WARN|MainNamespace.Program|Invalid JSON detected: Unexpected character encountered while parsing value: T. Path '', line 0, position 0.
2025-02-13 20:54:14.1302|WARN|MainNamespace.Program|Incomplete JSON detected for Narrative. Requesting regeneration...
2025-02-13 20:54:16.3790|WARN|MainNamespace.Program|Invalid JSON detected: Unexpected character encountered while parsing value: T. Path '', line 0, position 0.
2025-02-13 20:54:16.3790|WARN|MainNamespace.Program|Incomplete JSON detected for Narrative. Requesting regeneration...
2025-02-13 20:54:18.4235|WARN|MainNamespace.Program|Invalid JSON detected: Unexpected character encountered while parsing value: T. Path '', line 0, position 0.
2025-02-13 20:54:18.4235|WARN|MainNamespace.Program|Incomplete JSON detected for Narrative. Requesting regeneration...
2025-02-13 20:54:21.2016|WARN|MainNamespace.Program|Invalid JSON detected: Unexpected character encountered while parsing value: T. Path '', line 0, position 0.
2025-02-13 20:54:21.2021|WARN|MainNamespace.Program|Incomplete JSON detected for Narrative. Requesting regeneration...
2025-02-13 20:54:24.3653|WARN|MainNamespace.Program|Invalid JSON detected: Unexpected character encountered while parsing value: T. Path '', line 0, position 0.
2025-02-13 20:54:24.3653|WARN|MainNamespace.Program|Incomplete JSON detected for Narrative. Requesting regeneration...
2025-02-13 20:54:26.3452|WARN|MainNamespace.Program|Invalid JSON detected: Unexpected character encountered while parsing value: T. Path '', line 0, position 0.
2025-02-13 20:54:26.3452|WARN|MainNamespace.Program|Incomplete JSON detected for Narrative. Requesting regeneration...
2025-02-13 20:54:28.3592|WARN|MainNamespace.Program|Invalid JSON detected: Unexpected character encountered while parsing value: T. Path '', line 0, position 0.
2025-02-13 20:54:28.3592|WARN|MainNamespace.Program|Incomplete JSON detected for Narrative. Requesting regeneration...
2025-02-13 20:54:30.5113|WARN|MainNamespace.Program|Invalid JSON detected: Unexpected character encountered while parsing value: T. Path '', line 0, position 0.
2025-02-13 20:54:30.5113|WARN|MainNamespace.Program|Incomplete JSON detected for Narrative. Requesting regeneration...
2025-02-13 20:54:32.9037|WARN|MainNamespace.Program|Invalid JSON detected: Unexpected character encountered while parsing value: T. Path '', line 0, position 0.
2025-02-13 20:54:32.9041|WARN|MainNamespace.Program|Incomplete JSON detected for Narrative. Requesting regeneration...
2025-02-13 20:54:34.6059|WARN|MainNamespace.Program|Invalid JSON detected: Unexpected character encountered while parsing value: T. Path '', line 0, position 0.
2025-02-13 20:54:34.6069|WARN|MainNamespace.Program|Incomplete JSON detected for Narrative. Requesting regeneration...
2025-02-13 20:54:36.4625|WARN|MainNamespace.Program|Invalid JSON detected: Unexpected character encountered while parsing value: T. Path '', line 0, position 0.
2025-02-13 20:54:36.4634|WARN|MainNamespace.Program|Incomplete JSON detected for Narrative. Requesting regeneration...
2025-02-13 20:54:38.5997|WARN|MainNamespace.Program|Invalid JSON detected: Unexpected character encountered while parsing value: T. Path '', line 0, position 0.
2025-02-13 20:54:38.5997|WARN|MainNamespace.Program|Incomplete JSON detected for Narrative. Requesting regeneration...
2025-02-13 20:54:40.9561|WARN|MainNamespace.Program|Invalid JSON detected: Unexpected character encountered while parsing value: T. Path '', line 0, position 0.
2025-02-13 20:54:40.9561|WARN|MainNamespace.Program|Incomplete JSON detected for Narrative. Requesting regeneration...
2025-02-13 20:54:42.4891|WARN|MainNamespace.Program|Invalid JSON detected: Unexpected character encountered while parsing value: T. Path '', line 0, position 0.
2025-02-13 20:54:42.4891|WARN|MainNamespace.Program|Incomplete JSON detected for Narrative. Requesting regeneration...
2025-02-13 20:54:45.5630|WARN|MainNamespace.Program|Invalid JSON detected: Unexpected character encountered while parsing value: T. Path '', line 0, position 0.
2025-02-13 20:54:45.5643|WARN|MainNamespace.Program|Incomplete JSON detected for Narrative. Requesting regeneration...
2025-02-13 20:54:48.4300|WARN|MainNamespace.Program|Invalid JSON detected: Unexpected character encountered while parsing value: T. Path '', line 0, position 0.
2025-02-13 20:54:48.4303|WARN|MainNamespace.Program|Incomplete JSON detected for Narrative. Requesting regeneration...
2025-02-13 20:54:50.2787|WARN|MainNamespace.Program|Invalid JSON detected: Unexpected character encountered while parsing value: T. Path '', line 0, position 0.
2025-02-13 20:54:50.2792|WARN|MainNamespace.Program|Incomplete JSON detected for Narrative. Requesting regeneration...
2025-02-13 20:54:52.1165|WARN|MainNamespace.Program|Invalid JSON detected: Unexpected character encountered while parsing value: T. Path '', line 0, position 0.
2025-02-13 20:54:52.1165|WARN|MainNamespace.Program|Incomplete JSON detected for Narrative. Requesting regeneration...
2025-02-13 20:54:54.6755|WARN|MainNamespace.Program|Invalid JSON detected: Unexpected character encountered while parsing value: T. Path '', line 0, position 0.
2025-02-13 20:54:54.6765|WARN|MainNamespace.Program|Incomplete JSON detected for Narrative. Requesting regeneration...
2025-02-13 20:54:58.0561|WARN|MainNamespace.Program|Invalid JSON detected: Unexpected character encountered while parsing value: T. Path '', line 0, position 0.
2025-02-13 20:54:58.0563|WARN|MainNamespace.Program|Incomplete JSON detected for Narrative. Requesting regeneration...
2025-02-13 20:55:00.7192|WARN|MainNamespace.Program|Invalid JSON detected: Unexpected character encountered while parsing value: T. Path '', line 0, position 0.
2025-02-13 20:55:00.7192|WARN|MainNamespace.Program|Incomplete JSON detected for Narrative. Requesting regeneration...
2025-02-13 20:55:02.7687|WARN|MainNamespace.Program|Invalid JSON detected: Unexpected character encountered while parsing value: T. Path '', line 0, position 0.
2025-02-13 20:55:02.7687|WARN|MainNamespace.Program|Incomplete JSON detected for Narrative. Requesting regeneration...
2025-02-13 20:55:05.2290|WARN|MainNamespace.Program|Invalid JSON detected: Unexpected character encountered while parsing value: T. Path '', line 0, position 0.
2025-02-13 20:55:05.2292|WARN|MainNamespace.Program|Incomplete JSON detected for Narrative. Requesting regeneration...
2025-02-13 20:55:07.5620|WARN|MainNamespace.Program|Invalid JSON detected: Unexpected character encountered while parsing value: T. Path '', line 0, position 0.
2025-02-13 20:55:07.5622|WARN|MainNamespace.Program|Incomplete JSON detected for Narrative. Requesting regeneration...
2025-02-13 20:55:09.5256|WARN|MainNamespace.Program|Invalid JSON detected: Unexpected character encountered while parsing value: T. Path '', line 0, position 0.
2025-02-13 20:55:09.5256|WARN|MainNamespace.Program|Incomplete JSON detected for Narrative. Requesting regeneration...
2025-02-13 20:55:11.9054|WARN|MainNamespace.Program|Invalid JSON detected: Unexpected character encountered while parsing value: T. Path '', line 0, position 0.
2025-02-13 20:55:11.9054|WARN|MainNamespace.Program|Incomplete JSON detected for Narrative. Requesting regeneration...
2025-02-13 20:55:13.6641|WARN|MainNamespace.Program|Invalid JSON detected: Unexpected character encountered while parsing value: T. Path '', line 0, position 0.
2025-02-13 20:55:13.6645|WARN|MainNamespace.Program|Incomplete JSON detected for Narrative. Requesting regeneration...
2025-02-13 20:55:15.9783|WARN|MainNamespace.Program|Invalid JSON detected: Unexpected character encountered while parsing value: T. Path '', line 0, position 0.
2025-02-13 20:55:15.9783|WARN|MainNamespace.Program|Incomplete JSON detected for Narrative. Requesting regeneration...
2025-02-13 20:55:18.1215|WARN|MainNamespace.Program|Invalid JSON detected: Unexpected character encountered while parsing value: T. Path '', line 0, position 0.
2025-02-13 20:55:18.1215|WARN|MainNamespace.Program|Incomplete JSON detected for Narrative. Requesting regeneration...
2025-02-13 20:55:20.6533|WARN|MainNamespace.Program|Invalid JSON detected: Unexpected character encountered while parsing value: T. Path '', line 0, position 0.
2025-02-13 20:55:20.6553|WARN|MainNamespace.Program|Incomplete JSON detected for Narrative. Requesting regeneration...
2025-02-13 20:55:23.0393|WARN|MainNamespace.Program|Invalid JSON detected: Unexpected character encountered while parsing value: T. Path '', line 0, position 0.
2025-02-13 20:55:23.0393|WARN|MainNamespace.Program|Incomplete JSON detected for Narrative. Requesting regeneration...
2025-02-13 20:55:25.0906|WARN|MainNamespace.Program|Invalid JSON detected: Unexpected character encountered while parsing value: T. Path '', line 0, position 0.
2025-02-13 20:55:25.0906|WARN|MainNamespace.Program|Incomplete JSON detected for Narrative. Requesting regeneration...
2025-02-13 20:55:27.4456|WARN|MainNamespace.Program|Invalid JSON detected: Unexpected character encountered while parsing value: T. Path '', line 0, position 0.
2025-02-13 20:55:27.4456|WARN|MainNamespace.Program|Incomplete JSON detected for Narrative. Requesting regeneration...
2025-02-13 20:55:29.6093|WARN|MainNamespace.Program|Invalid JSON detected: Unexpected character encountered while parsing value: T. Path '', line 0, position 0.
2025-02-13 20:55:29.6093|WARN|MainNamespace.Program|Incomplete JSON detected for Narrative. Requesting regeneration...
2025-02-13 20:55:31.8502|WARN|MainNamespace.Program|Invalid JSON detected: Unexpected character encountered while parsing value: T. Path '', line 0, position 0.
2025-02-13 20:55:31.8508|WARN|MainNamespace.Program|Incomplete JSON detected for Narrative. Requesting regeneration...
2025-02-13 20:55:33.9109|WARN|MainNamespace.Program|Invalid JSON detected: Unexpected character encountered while parsing value: T. Path '', line 0, position 0.
2025-02-13 20:55:33.9123|WARN|MainNamespace.Program|Incomplete JSON detected for Narrative. Requesting regeneration...
2025-02-13 20:55:36.1252|WARN|MainNamespace.Program|Invalid JSON detected: Unexpected character encountered while parsing value: T. Path '', line 0, position 0.
2025-02-13 20:55:36.1255|WARN|MainNamespace.Program|Incomplete JSON detected for Narrative. Requesting regeneration...
2025-02-13 20:55:38.5129|WARN|MainNamespace.Program|Invalid JSON detected: Unexpected character encountered while parsing value: T. Path '', line 0, position 0.
2025-02-13 20:55:38.5143|WARN|MainNamespace.Program|Incomplete JSON detected for Narrative. Requesting regeneration...
2025-02-13 20:55:40.3470|WARN|MainNamespace.Program|Invalid JSON detected: Unexpected character encountered while parsing value: T. Path '', line 0, position 0.
2025-02-13 20:55:40.3476|WARN|MainNamespace.Program|Incomplete JSON detected for Narrative. Requesting regeneration...
2025-02-13 20:55:42.9088|WARN|MainNamespace.Program|Invalid JSON detected: Unexpected character encountered while parsing value: T. Path '', line 0, position 0.
2025-02-13 20:55:42.9088|WARN|MainNamespace.Program|Incomplete JSON detected for Narrative. Requesting regeneration...
2025-02-13 20:55:45.0461|WARN|MainNamespace.Program|Invalid JSON detected: Unexpected character encountered while parsing value: T. Path '', line 0, position 0.
2025-02-13 20:55:45.0477|WARN|MainNamespace.Program|Incomplete JSON detected for Narrative. Requesting regeneration...
2025-02-13 20:55:47.0772|WARN|MainNamespace.Program|Invalid JSON detected: Unexpected character encountered while parsing value: T. Path '', line 0, position 0.
2025-02-13 20:55:47.0776|WARN|MainNamespace.Program|Incomplete JSON detected for Narrative. Requesting regeneration...
2025-02-13 20:55:49.0539|WARN|MainNamespace.Program|Invalid JSON detected: Unexpected character encountered while parsing value: T. Path '', line 0, position 0.
2025-02-13 20:55:49.0545|WARN|MainNamespace.Program|Incomplete JSON detected for Narrative. Requesting regeneration...
2025-02-13 20:55:50.8093|WARN|MainNamespace.Program|Invalid JSON detected: Unexpected character encountered while parsing value: T. Path '', line 0, position 0.
2025-02-13 20:55:50.8096|WARN|MainNamespace.Program|Incomplete JSON detected for Narrative. Requesting regeneration...
2025-02-13 20:55:52.6351|WARN|MainNamespace.Program|Invalid JSON detected: Unexpected character encountered while parsing value: T. Path '', line 0, position 0.
2025-02-13 20:55:52.6354|WARN|MainNamespace.Program|Incomplete JSON detected for Narrative. Requesting regeneration...
2025-02-13 20:55:55.0923|WARN|MainNamespace.Program|Invalid JSON detected: Unexpected character encountered while parsing value: T. Path '', line 0, position 0.
2025-02-13 20:55:55.0940|WARN|MainNamespace.Program|Incomplete JSON detected for Narrative. Requesting regeneration...
2025-02-13 20:55:58.5753|WARN|MainNamespace.Program|Invalid JSON detected: Unexpected character encountered while parsing value: T. Path '', line 0, position 0.
2025-02-13 20:55:58.5758|WARN|MainNamespace.Program|Incomplete JSON detected for Narrative. Requesting regeneration...
2025-02-13 20:56:01.4005|WARN|MainNamespace.Program|Invalid JSON detected: Unexpected character encountered while parsing value: T. Path '', line 0, position 0.
2025-02-13 20:56:01.4005|WARN|MainNamespace.Program|Incomplete JSON detected for Narrative. Requesting regeneration...
2025-02-13 20:56:07.0765|WARN|MainNamespace.Program|Invalid JSON detected: Unexpected character encountered while parsing value: T. Path '', line 0, position 0.
2025-02-13 20:56:07.0776|WARN|MainNamespace.Program|Incomplete JSON detected for Narrative. Requesting regeneration...
2025-02-13 20:56:09.6967|WARN|MainNamespace.Program|Invalid JSON detected: Unexpected character encountered while parsing value: T. Path '', line 0, position 0.
2025-02-13 20:56:09.6967|WARN|MainNamespace.Program|Incomplete JSON detected for Narrative. Requesting regeneration...
2025-02-13 20:56:11.7923|WARN|MainNamespace.Program|Invalid JSON detected: Unexpected character encountered while parsing value: T. Path '', line 0, position 0.
2025-02-13 20:56:11.7926|WARN|MainNamespace.Program|Incomplete JSON detected for Narrative. Requesting regeneration...
2025-02-13 20:56:14.1679|WARN|MainNamespace.Program|Invalid JSON detected: Unexpected character encountered while parsing value: T. Path '', line 0, position 0.
2025-02-13 20:56:14.1679|WARN|MainNamespace.Program|Incomplete JSON detected for Narrative. Requesting regeneration...
2025-02-13 20:56:16.3220|WARN|MainNamespace.Program|Invalid JSON detected: Unexpected character encountered while parsing value: T. Path '', line 0, position 0.
2025-02-13 20:56:16.3220|WARN|MainNamespace.Program|Incomplete JSON detected for Narrative. Requesting regeneration...
2025-02-13 20:56:18.7530|WARN|MainNamespace.Program|Invalid JSON detected: Unexpected character encountered while parsing value: T. Path '', line 0, position 0.
2025-02-13 20:56:18.7537|WARN|MainNamespace.Program|Incomplete JSON detected for Narrative. Requesting regeneration...
2025-02-13 20:56:21.5832|WARN|MainNamespace.Program|Invalid JSON detected: Unexpected character encountered while parsing value: T. Path '', line 0, position 0.
2025-02-13 20:56:21.5837|WARN|MainNamespace.Program|Incomplete JSON detected for Narrative. Requesting regeneration...
2025-02-13 21:02:08.4557|WARN|MainNamespace.Program|Invalid JSON detected: Unexpected character encountered while parsing value: T. Path '', line 0, position 0.
2025-02-13 21:02:08.4575|WARN|MainNamespace.Program|Incomplete JSON detected for Narrative. Requesting regeneration...
